<testsuite failures="0" name="src/test/java/com/gabrielspassos/poc/assembly/assembly.feature" skipped="0" tests="1" time="0.492138">
  <testcase classname="src.test.java.com.gabrielspassos.poc.assembly.assembly" name="Update assemblyById" time="0.492138">
    <system-out>* url assemblyServiceBaseUrl .............................................. passed
* def assembliesEndpoint = '/v1/assemblies' ............................... passed
* header Accept = 'application/json' ...................................... passed
* header Content-Type = 'application/json' ................................ passed
* def createAssemblyScenario = callonce read('classpath:com/gabrielspassos/poc/assembly/assembly.feature@CreateAssembly') . passed
* def assemblyId = createAssemblyScenario.response.id ..................... passed
Given path assembliesEndpoint, assemblyId ................................. passed
And request '{"expirationDateTime":null,"newStatus":"OPEN"}' .............. passed
When method PATCH ......................................................... passed
Then status 200 ........................................................... passed
And assert assemblyId == response.id ...................................... passed
And match response == ..................................................... passed</system-out>
  </testcase>
</testsuite>
